<?xml version="1.0" encoding="UTF-8"?>
<!-- Generated by org.testng.reporters.JUnitReportReporter -->
<testsuite hostname="LAPTOP-11A8UUP1" name="project1.mavenproject.TestNG_1" tests="2" failures="0" timestamp="30 Jun 2021 15:23:26 GMT" time="0.008" errors="0">
  <testcase name="test2" time="0.000" classname="project1.mavenproject.TestNG_1"/>
  <testcase name="test1" time="0.008" classname="project1.mavenproject.TestNG_1"/>
</testsuite> <!-- project1.mavenproject.TestNG_1 -->
